<?xml version="1.0" encoding="UTF-8" ?>
<testsuite failures="0" time="0.454" errors="0" skipped="0" tests="7" name="CompilerTest">
  <properties>
[...]
</properties>
  <testcase time="0.261" classname="CompilerTest" name="expressionTest"/>
  <testcase time="0.025" classname="CompilerTest" name="expressionSTest"/>
  <testcase time="0.025" classname="CompilerTest" name="atomTest"/>
  <testcase time="0.036" classname="CompilerTest" name="computeTest"/>
  <testcase time="0.032" classname="CompilerTest" name="computeFileTest"/>
  <testcase time="0.018" classname="CompilerTest" name="mainCompilerTest1Arg"/>
  <testcase time="0.019" classname="CompilerTest" name="mainCompilerTest2Arg"/>
</testsuite>